#
# There is insufficient memory for the Java Runtime Environment to continue.
# Native memory allocation (mmap) failed to map 134217728 bytes for G1 virtual space
# Possible reasons:
#   The system is out of physical RAM or swap space
#   The process is running with CompressedOops enabled, and the Java Heap may be blocking the growth of the native heap
# Possible solutions:
#   Reduce memory load on the system
#   Increase physical memory or swap space
#   Check if swap backing store is full
#   Decrease Java heap size (-Xmx/-Xms)
#   Decrease number of Java threads
#   Decrease Java thread stack sizes (-Xss)
#   Set larger code cache with -XX:ReservedCodeCacheSize=
#   JVM is running with Unscaled Compressed Oops mode in which the Java heap is
#     placed in the first 4GB address space. The Java Heap base address is the
#     maximum limit for the native heap growth. Please use -XX:HeapBaseMinAddress
#     to set the Java Heap base and to place the Java Heap above 4GB virtual address.
# This output file may be truncated or incomplete.
#
#  Out of Memory Error (./open/src/hotspot/os/windows/os_windows.cpp:3472), pid=7520, tid=9112
#
# JRE version:  (15.0.1+9) (build )
# Java VM: OpenJDK 64-Bit Server VM (15.0.1+9-18, mixed mode, sharing, tiered, compressed oops, g1 gc, windows-amd64)
# No core dump will be written. Minidumps are not enabled by default on client versions of Windows
#

---------------  S U M M A R Y ------------

Command Line: -Dfile.encoding=Cp1252 -XX:+ShowCodeDetailsInExceptionMessages Principal.Teste

Host: Intel(R) Core(TM) i5-2500 CPU @ 3.30GHz, 4 cores, 7G,  Windows 10 , 64 bit Build 19041 (10.0.19041.1023)
Time: Thu Jul 22 17:06:12 2021 Hora oficial do Brasil elapsed time: 0.072274 seconds (0d 0h 0m 0s)

---------------  T H R E A D  ---------------

Current thread (0x000001e322c84a70):  JavaThread "Unknown thread" [_thread_in_vm, id=9112, stack(0x00000021bb100000,0x00000021bb200000)]

Stack: [0x00000021bb100000,0x00000021bb200000]
Native frames: (J=compiled Java code, j=interpreted, Vv=VM code, C=native code)
V  [jvm.dll+0x62ae9a]
V  [jvm.dll+0x781389]
V  [jvm.dll+0x782ae3]
V  [jvm.dll+0x783143]
V  [jvm.dll+0x216265]
V  [jvm.dll+0x6281d9]
V  [jvm.dll+0x61cd15]
V  [jvm.dll+0x2d01fd]
V  [jvm.dll+0x2d0062]
V  [jvm.dll+0x2d603c]
V  [jvm.dll+0x325b2a]
V  [jvm.dll+0x3251f4]
V  [jvm.dll+0x2a717a]
V  [jvm.dll+0x2a8318]
V  [jvm.dll+0x75e101]
V  [jvm.dll+0x3343e4]
V  [jvm.dll+0x73e826]
V  [jvm.dll+0x3b7777]
V  [jvm.dll+0x3b9201]
C  [jli.dll+0x52fb]
C  [ucrtbase.dll+0x21bb2]
C  [KERNEL32.DLL+0x17034]
C  [ntdll.dll+0x52651]


---------------  P R O C E S S  ---------------

Threads class SMR info:
_java_thread_list=0x00007ffc128c4ff0, length=0, elements={
}

Java Threads: ( => current thread )

Other Threads:
  0x000001e322cc4610 GCTaskThread "GC Thread#0" [stack: 0x00000021bb200000,0x00000021bb300000] [id=7600]
  0x000001e33a157f00 ConcurrentGCThread "G1 Main Marker" [stack: 0x00000021bb300000,0x00000021bb400000] [id=13936]
  0x000001e322ccdde0 ConcurrentGCThread "G1 Conc#0" [stack: 0x00000021bb400000,0x00000021bb500000] [id=3868]

[error occurred during error reporting (printing all threads), id 0xc0000005, EXCEPTION_ACCESS_VIOLATION (0xc0000005) at pc=0x00007ffc120b8047]

VM state: not at safepoint (not fully initialized)

VM Mutex/Monitor currently owned by a thread:  ([mutex/lock_event])
[0x000001e322c81260] Heap_lock - owner thread: 0x000001e322c84a70

Heap address: 0x0000000081a00000, size: 2022 MB, Compressed Oops mode: 32-bit
CDS archive(s) mapped at: [0x0000000000000000-0x0000000000000000-0x0000000000000000), size 0, SharedBaseAddress: 0x0000000800000000, ArchiveRelocationMode: 0.
Narrow klass base: 0x0000000000000000, Narrow klass shift: 0, Narrow klass range: 0x0

Heap:
 garbage-first heap   total 131072K, used 0K [0x0000000081a00000, 0x0000000100000000)
  region size 1024K, 0 young (0K), 0 survivors (0K)
 Metaspace       used 0K, capacity 0K, committed 0K, reserved 0K
  class space    used 0K, capacity 0K, committed 0K, reserved 0K

Heap Regions: E=young(eden), S=young(survivor), O=old, HS=humongous(starts), HC=humongous(continues), CS=collection set, F=free, OA=open archive, CA=closed archive, TAMS=top-at-mark-start (previous, next)

Card table byte_map: [0x000001e335a10000,0x000001e335e10000] _byte_map_base: 0x000001e335603000

Marking Bits (Prev, Next): (CMBitMap*) 0x000001e322cc4bc0, (CMBitMap*) 0x000001e322cc4c00
 Prev Bits: [0x000001e336210000, 0x000001e3381a8000)
 Next Bits: [0x000001e3381b0000, 0x000001e33a148000)

GC Heap History (0 events):
No events

Deoptimization events (0 events):
No events

Classes unloaded (0 events):
No events

Classes redefined (0 events):
No events

Internal exceptions (0 events):
No events

Events (1 events):
Event: 0.013 Loaded shared library D:\Program Files\eclipse-jee-2020-12-R-win32-x86_64\eclipse\plugins\org.eclipse.justj.openjdk.hotspot.jre.full.win32.x86_64_15.0.1.v20201027-0507\jre\bin\java.dll


Dynamic libraries:
0x00007ff68b670000 - 0x00007ff68b67d000 	D:\Program Files\eclipse-jee-2020-12-R-win32-x86_64\eclipse\plugins\org.eclipse.justj.openjdk.hotspot.jre.full.win32.x86_64_15.0.1.v20201027-0507\jre\bin\javaw.exe
0x00007ffc4cd10000 - 0x00007ffc4cf05000 	C:\WINDOWS\SYSTEM32\ntdll.dll
0x00007ffc4b7b0000 - 0x00007ffc4b86d000 	C:\WINDOWS\System32\KERNEL32.DLL
0x00007ffc4aa80000 - 0x00007ffc4ad49000 	C:\WINDOWS\System32\KERNELBASE.dll
0x00007ffc4a450000 - 0x00007ffc4a550000 	C:\WINDOWS\System32\ucrtbase.dll
0x00007ffc27dd0000 - 0x00007ffc27de8000 	D:\Program Files\eclipse-jee-2020-12-R-win32-x86_64\eclipse\plugins\org.eclipse.justj.openjdk.hotspot.jre.full.win32.x86_64_15.0.1.v20201027-0507\jre\bin\jli.dll
0x00007ffc4c840000 - 0x00007ffc4c9e0000 	C:\WINDOWS\System32\USER32.dll
0x00007ffc4a760000 - 0x00007ffc4a782000 	C:\WINDOWS\System32\win32u.dll
0x00007ffc4aea0000 - 0x00007ffc4aeca000 	C:\WINDOWS\System32\GDI32.dll
0x00007ffc4a650000 - 0x00007ffc4a75b000 	C:\WINDOWS\System32\gdi32full.dll
0x00007ffc4a5b0000 - 0x00007ffc4a64d000 	C:\WINDOWS\System32\msvcp_win.dll
0x00007ffc27db0000 - 0x00007ffc27dc9000 	D:\Program Files\eclipse-jee-2020-12-R-win32-x86_64\eclipse\plugins\org.eclipse.justj.openjdk.hotspot.jre.full.win32.x86_64_15.0.1.v20201027-0507\jre\bin\VCRUNTIME140.dll
0x00007ffc35000000 - 0x00007ffc3529a000 	C:\WINDOWS\WinSxS\amd64_microsoft.windows.common-controls_6595b64144ccf1df_6.0.19041.1110_none_60b5254171f9507e\COMCTL32.dll
0x00007ffc4af00000 - 0x00007ffc4af9e000 	C:\WINDOWS\System32\msvcrt.dll
0x00007ffc4aed0000 - 0x00007ffc4af00000 	C:\WINDOWS\System32\IMM32.DLL
0x00007ffc3b750000 - 0x00007ffc3b946000 	C:\WINDOWS\system32\tmumh\20019\AddOn\8.55.0.1053\TmUmEvt64.dll
0x00007ffc4b910000 - 0x00007ffc4b918000 	C:\WINDOWS\System32\PSAPI.DLL
0x00007ffc4b130000 - 0x00007ffc4b1dc000 	C:\WINDOWS\System32\ADVAPI32.dll
0x00007ffc4b870000 - 0x00007ffc4b90b000 	C:\WINDOWS\System32\sechost.dll
0x00007ffc4afa0000 - 0x00007ffc4b0ca000 	C:\WINDOWS\System32\RPCRT4.dll
0x0000000073be0000 - 0x0000000073d59000 	C:\WINDOWS\system32\tmumh\20019\TmMon\2.9.0.1020\tmmon64.dll
0x00007ffc4c2c0000 - 0x00007ffc4c315000 	C:\WINDOWS\System32\SHLWAPI.dll
0x00007ffc3b970000 - 0x00007ffc3b97c000 	D:\Program Files\eclipse-jee-2020-12-R-win32-x86_64\eclipse\plugins\org.eclipse.justj.openjdk.hotspot.jre.full.win32.x86_64_15.0.1.v20201027-0507\jre\bin\vcruntime140_1.dll
0x00007ffc13b10000 - 0x00007ffc13ba1000 	D:\Program Files\eclipse-jee-2020-12-R-win32-x86_64\eclipse\plugins\org.eclipse.justj.openjdk.hotspot.jre.full.win32.x86_64_15.0.1.v20201027-0507\jre\bin\msvcp140.dll
0x00007ffc11e00000 - 0x00007ffc1295e000 	D:\Program Files\eclipse-jee-2020-12-R-win32-x86_64\eclipse\plugins\org.eclipse.justj.openjdk.hotspot.jre.full.win32.x86_64_15.0.1.v20201027-0507\jre\bin\server\jvm.dll
0x00007ffc37ad0000 - 0x00007ffc37ad9000 	C:\WINDOWS\SYSTEM32\WSOCK32.dll
0x000001e322350000 - 0x000001e3223bb000 	C:\WINDOWS\System32\WS2_32.dll
0x00007ffc321e0000 - 0x00007ffc32207000 	C:\WINDOWS\SYSTEM32\WINMM.dll
0x00007ffc3bc70000 - 0x00007ffc3bc7a000 	C:\WINDOWS\SYSTEM32\VERSION.dll
0x00007ffc483a0000 - 0x00007ffc483b2000 	C:\WINDOWS\SYSTEM32\kernel.appcore.dll
0x00007ffc45ff0000 - 0x00007ffc45ffa000 	D:\Program Files\eclipse-jee-2020-12-R-win32-x86_64\eclipse\plugins\org.eclipse.justj.openjdk.hotspot.jre.full.win32.x86_64_15.0.1.v20201027-0507\jre\bin\jimage.dll
0x00007ffc3b3c0000 - 0x00007ffc3b5a4000 	C:\WINDOWS\SYSTEM32\DBGHELP.DLL
0x00007ffc3b2d0000 - 0x00007ffc3b2fc000 	C:\WINDOWS\SYSTEM32\dbgcore.DLL
0x00007ffc4a790000 - 0x00007ffc4a813000 	C:\WINDOWS\System32\bcryptPrimitives.dll
0x00007ffc21560000 - 0x00007ffc21585000 	D:\Program Files\eclipse-jee-2020-12-R-win32-x86_64\eclipse\plugins\org.eclipse.justj.openjdk.hotspot.jre.full.win32.x86_64_15.0.1.v20201027-0507\jre\bin\java.dll

dbghelp: loaded successfully - version: 4.0.5 - missing functions: none
symbol engine: initialized successfully - sym options: 0x614 - pdb path: .;D:\Program Files\eclipse-jee-2020-12-R-win32-x86_64\eclipse\plugins\org.eclipse.justj.openjdk.hotspot.jre.full.win32.x86_64_15.0.1.v20201027-0507\jre\bin;C:\WINDOWS\SYSTEM32;C:\WINDOWS\WinSxS\amd64_microsoft.windows.common-controls_6595b64144ccf1df_6.0.19041.1110_none_60b5254171f9507e;C:\WINDOWS\system32\tmumh\20019\AddOn\8.55.0.1053;C:\WINDOWS\system32\tmumh\20019\TmMon\2.9.0.1020;D:\Program Files\eclipse-jee-2020-12-R-win32-x86_64\eclipse\plugins\org.eclipse.justj.openjdk.hotspot.jre.full.win32.x86_64_15.0.1.v20201027-0507\jre\bin\server

VM Arguments:
jvm_args: -Dfile.encoding=Cp1252 -XX:+ShowCodeDetailsInExceptionMessages 
java_command: Principal.Teste
java_class_path (initial): D:\Users\Meu Computador\eclipse-workspace\GitHub\bin
Launcher Type: SUN_STANDARD

[Global flags]
     intx CICompilerCount                          = 3                                         {product} {ergonomic}
     uint ConcGCThreads                            = 1                                         {product} {ergonomic}
     uint G1ConcRefinementThreads                  = 4                                         {product} {ergonomic}
   size_t G1HeapRegionSize                         = 1048576                                   {product} {ergonomic}
    uintx GCDrainStackTargetSize                   = 64                                        {product} {ergonomic}
   size_t InitialHeapSize                          = 134217728                                 {product} {ergonomic}
   size_t MarkStackSize                            = 4194304                                   {product} {ergonomic}
   size_t MaxHeapSize                              = 2120220672                                {product} {ergonomic}
   size_t MinHeapDeltaBytes                        = 1048576                                   {product} {ergonomic}
   size_t MinHeapSize                              = 8388608                                   {product} {ergonomic}
    uintx NonNMethodCodeHeapSize                   = 5832780                                {pd product} {ergonomic}
    uintx NonProfiledCodeHeapSize                  = 122912730                              {pd product} {ergonomic}
    uintx ProfiledCodeHeapSize                     = 122912730                              {pd product} {ergonomic}
    uintx ReservedCodeCacheSize                    = 251658240                              {pd product} {ergonomic}
     bool SegmentedCodeCache                       = true                                      {product} {ergonomic}
     bool ShowCodeDetailsInExceptionMessages       = true                                   {manageable} {command line}
   size_t SoftMaxHeapSize                          = 2120220672                             {manageable} {ergonomic}
     bool UseCompressedClassPointers               = true                                 {lp64_product} {ergonomic}
     bool UseCompressedOops                        = true                                 {lp64_product} {ergonomic}
     bool UseG1GC                                  = true                                      {product} {ergonomic}
     bool UseLargePagesIndividualAllocation        = false                                  {pd product} {ergonomic}

Logging:
Log output configuration:
 #0: stdout all=warning uptime,level,tags
 #1: stderr all=off uptime,level,tags

Environment Variables:
JAVA_HOME=D:\Program Files\Java\jdk-15.0.2
PATH=D:/Program Files/eclipse-jee-2020-12-R-win32-x86_64/eclipse//plugins/org.eclipse.justj.openjdk.hotspot.jre.full.win32.x86_64_15.0.1.v20201027-0507/jre/bin/server;D:/Program Files/eclipse-jee-2020-12-R-win32-x86_64/eclipse//plugins/org.eclipse.justj.openjdk.hotspot.jre.full.win32.x86_64_15.0.1.v20201027-0507/jre/bin;D:\Program Files (x86)\Java\zulu11.45.27-ca-jdk11.0.10-win_x64\bin;C:\Program Files (x86)\Common Files\Oracle\Java\javapath;C:\WINDOWS\system32;C:\WINDOWS;C:\WINDOWS\System32\Wbem;C:\WINDOWS\System32\WindowsPowerShell\v1.0\;C:\WINDOWS\System32\OpenSSH\;D:\Program Files\Git\cmd;C:\Users\Meu Computador\AppData\Local\Microsoft\WindowsApps;D:\Program Files\Java\jdk-15.0.2\bin;;D:\Program Files\eclipse-jee-2020-12-R-win32-x86_64\eclipse;
USERNAME=Meu Computador
OS=Windows_NT
PROCESSOR_IDENTIFIER=Intel64 Family 6 Model 42 Stepping 7, GenuineIntel



---------------  S Y S T E M  ---------------

OS:
 Windows 10 , 64 bit Build 19041 (10.0.19041.1023)
OS uptime: 0 days 8:20 hours

CPU: total 4 (initial active 4) (4 cores per cpu, 1 threads per core) family 6 model 42 stepping 7 microcode 0x2f, cmov, cx8, fxsr, mmx, sse, sse2, sse3, ssse3, sse4.1, sse4.2, popcnt, vzeroupper, avx, aes, clmul, tsc, tscinvbit, clflush

Memory: 4k page, system-wide physical 8083M (679M free)
TotalPageFile size 8083M (AvailPageFile size 102M)
current process WorkingSet (physical memory assigned to process): 13M, peak: 13M
current process commit charge ("private bytes"): 54M, peak: 182M

vm_info: OpenJDK 64-Bit Server VM (15.0.1+9-18) for windows-amd64 JRE (15.0.1+9-18), built on Sep 15 2020 14:39:31 by "mach5one" with unknown MS VC++:1925

END.
